<?xml version="1.0" encoding="UTF-8"?>
<!-- Generated by org.testng.reporters.JUnitXMLReporter -->
<testsuite hostname="LAZ-VN-L-M-1167.local" name="Command line test" tests="1" failures="1" timestamp="21 Aug 2018 16:18:05 GMT" time="5.15" errors="0">
  <testcase name="scenario" time="4.463" classname="csssr.TestRunner">
    <failure type="java.lang.AssertionError" message="expected [true] but found [false]">
      <![CDATA[java.lang.AssertionError: expected [true] but found [false]
	at csssr.Steps.checkThatElementStatusOfCheckbox(Steps.java:17)
	at âœ½.check that checkbox is on(src/test/java/csssr/oneCase.feature:10)
... Removed 5 stack frames]]>
    </failure>
  </testcase> <!-- scenario -->
</testsuite> <!-- Command line test -->
