<?xml version="1.0" encoding="UTF-8"?>
<!-- Generated by org.testng.reporters.JUnitReportReporter -->
<testsuite hostname="LAZ-VN-L-M-1167.local" name="csssr.TestRunner" tests="1" failures="1" timestamp="21 Aug 2018 16:18:05 GMT" time="4.881" errors="0">
  <testcase name="scenario" time="4.881" classname="csssr.TestRunner">
    <failure type="java.lang.AssertionError" message="expected [true] but found [false]">
      <![CDATA[java.lang.AssertionError: expected [true] but found [false]
	at org.testng.Assert.fail(Assert.java:94)
	at org.testng.Assert.failNotEquals(Assert.java:496)
	at org.testng.Assert.assertEquals(Assert.java:125)
	at org.testng.Assert.assertEquals(Assert.java:178)
	at org.testng.Assert.assertEquals(Assert.java:188)
	at csssr.Steps.checkThatElementStatusOfCheckbox(Steps.java:17)
	at âœ½.check that checkbox is on(src/test/java/csssr/oneCase.feature:10)
]]>
    </failure>
  </testcase> <!-- scenario -->
</testsuite> <!-- csssr.TestRunner -->
